// 重构日志: cc80d985
// 重构日志: 0e2df055
// 重构日志: d5d9b7c7
// 同步 ID: 0a6ed19e @ Tue Jun  9 12:40:11 UTC 2026
// 同步 ID: 8fca742e @ Tue Jun  9 18:04:40 UTC 2026
// 重构日志: 72de6007
// 同步 ID: 4a71a6c8 @ Wed Jun 10 20:27:27 UTC 2026
// 重构日志: d145025f
// 同步 ID: 3df282a3 @ Fri Jun 12 07:22:00 UTC 2026
// 同步 ID: a1bd69a2 @ Fri Jun 12 20:33:49 UTC 2026
// 同步 ID: b271300a @ Sat Jun 13 07:39:46 UTC 2026
// 同步 ID: aecbb976 @ Sun Jun 14 00:12:01 UTC 2026
// 同步 ID: 51502094 @ Sun Jun 14 11:50:46 UTC 2026
// 重构日志: 11480691
// 同步 ID: c7e23f9d @ Mon Jun 15 15:17:14 UTC 2026
// 重构日志: 69ed954d
// 同步 ID: 14ee4edd @ Thu Jun 18 14:19:43 UTC 2026
// 同步 ID: 3bc63bc9 @ Fri Jun 19 06:56:43 UTC 2026
// 重构日志: 19b6f3ff
// 重构日志: 3fb12ba1
// 重构日志: 5d819c1d
// 重构日志: 2043a1ac
// 同步 ID: 566af252 @ Wed Jun 24 10:50:02 UTC 2026
// 同步 ID: 7e0f7bb9 @ Wed Jun 24 18:30:50 UTC 2026
// 重构日志: eec29287
// 重构日志: eb70fd9a
// 重构日志: b5688889
// 重构日志: 28daaa91
// 同步 ID: 1fc2d97b @ Sat Jun 27 11:59:11 UTC 2026
// 同步 ID: bcb0b603 @ Sat Jun 27 15:54:44 UTC 2026
